0 info it worked if it ends with ok
1 verbose cli [ '/usr/local/Cellar/node/6.2.2/bin/node',
1 verbose cli   '/usr/local/bin/npm',
1 verbose cli   'publish',
1 verbose cli   '.' ]
2 info using npm@3.10.6
3 info using node@v6.2.2
4 verbose publish [ '.' ]
5 silly cache add args [ '.', null ]
6 verbose cache add spec .
7 silly cache add parsed spec Result {
7 silly cache add   raw: '.',
7 silly cache add   scope: null,
7 silly cache add   escapedName: null,
7 silly cache add   name: null,
7 silly cache add   rawSpec: '.',
7 silly cache add   spec: '/Users/josephkalash/GitHub/OneSignal/Cordova/OneSignal-Cordova-SDK',
7 silly cache add   type: 'directory' }
8 verbose addLocalDirectory /Users/josephkalash/.npm/onesignal-cordova-plugin/2.0.1/package.tgz not in flight; packing
9 verbose correctMkdir /Users/josephkalash/.npm correctMkdir not in flight; initializing
10 info lifecycle onesignal-cordova-plugin@2.0.1~prepublish: onesignal-cordova-plugin@2.0.1
11 silly lifecycle onesignal-cordova-plugin@2.0.1~prepublish: no script for prepublish, continuing
12 verbose tar pack [ '/Users/josephkalash/.npm/onesignal-cordova-plugin/2.0.1/package.tgz',
12 verbose tar pack   '/Users/josephkalash/GitHub/OneSignal/Cordova/OneSignal-Cordova-SDK' ]
13 verbose tarball /Users/josephkalash/.npm/onesignal-cordova-plugin/2.0.1/package.tgz
14 verbose folder /Users/josephkalash/GitHub/OneSignal/Cordova/OneSignal-Cordova-SDK
15 verbose addLocalTarball adding from inside cache /Users/josephkalash/.npm/onesignal-cordova-plugin/2.0.1/package.tgz
16 verbose correctMkdir /Users/josephkalash/.npm correctMkdir not in flight; initializing
17 silly cache afterAdd onesignal-cordova-plugin@2.0.1
18 verbose afterAdd /Users/josephkalash/.npm/onesignal-cordova-plugin/2.0.1/package/package.json not in flight; writing
19 verbose correctMkdir /Users/josephkalash/.npm correctMkdir not in flight; initializing
20 verbose afterAdd /Users/josephkalash/.npm/onesignal-cordova-plugin/2.0.1/package/package.json written
21 silly publish { version: '2.0.1',
21 silly publish   name: 'onesignal-cordova-plugin',
21 silly publish   cordova_name: 'OneSignal Push Notifications',
21 silly publish   description: 'OneSignal is a high volume Push Notification service for mobile apps. In addition to basic notification delivery, OneSignal also provides tools to localize, target, schedule, and automate notifications that you send.',
21 silly publish   license: 'MIT',
21 silly publish   keywords:
21 silly publish    [ 'push',
21 silly publish      'notification',
21 silly publish      'push notification',
21 silly publish      'push notifications',
21 silly publish      'apns',
21 silly publish      'gcm',
21 silly publish      'adm',
21 silly publish      'retention',
21 silly publish      'messaging',
21 silly publish      'ecosystem:cordova',
21 silly publish      'cordova-android',
21 silly publish      'cordova-ios',
21 silly publish      'cordova-amazon-fireos' ],
21 silly publish   platforms: [ 'android', 'ios', 'windows', 'amazon-fireos' ],
21 silly publish   engines:
21 silly publish    [ { name: 'cordova-android', version: '>=4.0.0' },
21 silly publish      { name: 'apple-xcode', version: '>=6.2.0' },
21 silly publish      { name: 'apple-ios', version: '>=7.0.0' } ],
21 silly publish   cordova:
21 silly publish    { id: 'onesignal-cordova-plugin',
21 silly publish      platforms: [ 'android', 'ios', 'windows', 'amazon-fireos' ] },
21 silly publish   repository:
21 silly publish    { type: 'git',
21 silly publish      url: 'git+https://github.com/onesignal/OneSignal-Cordova-SDK.git' },
21 silly publish   author: { name: 'Josh Kasten' },
21 silly publish   bugs: { url: 'https://github.com/onesignal/OneSignal-Cordova-SDK/issues' },
21 silly publish   homepage: 'https://github.com/onesignal/OneSignal-Cordova-SDK#readme',
21 silly publish   readme: '### OneSignal Cordova Push Notification Plugin\n[![npm version](https://img.shields.io/npm/v/onesignal-cordova-plugin.svg)](https://www.npmjs.com/package/onesignal-cordova-plugin)\n[![npm downloads](https://img.shields.io/npm/dm/onesignal-cordova-plugin.svg)](https://www.npmjs.com/package/onesignal-cordova-plugin)\n\nOneSignal is a free push notification service for mobile apps. This plugin makes it easy to integrate your PhoneGap CLI, PhoneGap Build, Cordova, Ionic, Intel XDK or Sencha Touch app with OneSignal. Supports Android, iOS, Windows Phone 8.1 (WP8.1), and Amazon\'s Fire OS platforms.\n\n- See https://documentation.onesignal.com/docs/phonegap-sdk for setup documentation.\n',
21 silly publish   readmeFilename: 'README.md',
21 silly publish   gitHead: 'b92380adb205382224461284838f19bb26ff4a30',
21 silly publish   _id: 'onesignal-cordova-plugin@2.0.1',
21 silly publish   scripts: {},
21 silly publish   _shasum: '0bf36ee19f30022eb7c272f23f96c8cb812922ec',
21 silly publish   _from: '.' }
22 verbose getPublishConfig undefined
23 silly mapToRegistry name onesignal-cordova-plugin
24 silly mapToRegistry using default registry
25 silly mapToRegistry registry https://registry.npmjs.org/
26 silly mapToRegistry data Result {
26 silly mapToRegistry   raw: 'onesignal-cordova-plugin',
26 silly mapToRegistry   scope: null,
26 silly mapToRegistry   escapedName: 'onesignal-cordova-plugin',
26 silly mapToRegistry   name: 'onesignal-cordova-plugin',
26 silly mapToRegistry   rawSpec: '',
26 silly mapToRegistry   spec: 'latest',
26 silly mapToRegistry   type: 'tag' }
27 silly mapToRegistry uri https://registry.npmjs.org/onesignal-cordova-plugin
28 verbose publish registryBase https://registry.npmjs.org/
29 silly publish uploading /Users/josephkalash/.npm/onesignal-cordova-plugin/2.0.1/package.tgz
30 verbose request uri https://registry.npmjs.org/onesignal-cordova-plugin
31 verbose request sending authorization for write operation
32 info attempt registry request try #1 at 6:36:47 PM
33 verbose request using bearer token for auth
34 verbose request id 1879d9c87f4f019f
35 http request PUT https://registry.npmjs.org/onesignal-cordova-plugin
36 http 403 https://registry.npmjs.org/onesignal-cordova-plugin
37 verbose headers { 'content-type': 'application/json',
37 verbose headers   'cache-control': 'max-age=300',
37 verbose headers   'content-length': '95',
37 verbose headers   'accept-ranges': 'bytes',
37 verbose headers   date: 'Wed, 28 Sep 2016 01:36:47 GMT',
37 verbose headers   via: '1.1 varnish',
37 verbose headers   connection: 'keep-alive',
37 verbose headers   'x-served-by': 'cache-sjc3626-SJC',
37 verbose headers   'x-cache': 'MISS',
37 verbose headers   'x-cache-hits': '0',
37 verbose headers   'x-timer': 'S1475026607.158888,VS0,VE461',
37 verbose headers   vary: 'Accept-Encoding' }
38 verbose request invalidating /Users/josephkalash/.npm/registry.npmjs.org/onesignal-cordova-plugin on PUT
39 error publish Failed PUT 403
40 verbose stack Error: "You cannot publish over the previously published version 2.0.1." : onesignal-cordova-plugin
40 verbose stack     at makeError (/usr/local/lib/node_modules/npm/node_modules/npm-registry-client/lib/request.js:264:12)
40 verbose stack     at CachingRegistryClient.<anonymous> (/usr/local/lib/node_modules/npm/node_modules/npm-registry-client/lib/request.js:252:14)
40 verbose stack     at Request._callback (/usr/local/lib/node_modules/npm/node_modules/npm-registry-client/lib/request.js:172:14)
40 verbose stack     at Request.self.callback (/usr/local/lib/node_modules/npm/node_modules/request/request.js:200:22)
40 verbose stack     at emitTwo (events.js:106:13)
40 verbose stack     at Request.emit (events.js:191:7)
40 verbose stack     at Request.<anonymous> (/usr/local/lib/node_modules/npm/node_modules/request/request.js:1067:10)
40 verbose stack     at emitOne (events.js:101:20)
40 verbose stack     at Request.emit (events.js:188:7)
40 verbose stack     at IncomingMessage.<anonymous> (/usr/local/lib/node_modules/npm/node_modules/request/request.js:988:12)
41 verbose statusCode 403
42 verbose pkgid onesignal-cordova-plugin
43 verbose cwd /Users/josephkalash/GitHub/OneSignal/Cordova/OneSignal-Cordova-SDK
44 error Darwin 16.0.0
45 error argv "/usr/local/Cellar/node/6.2.2/bin/node" "/usr/local/bin/npm" "publish" "."
46 error node v6.2.2
47 error npm  v3.10.6
48 error code E403
49 error "You cannot publish over the previously published version 2.0.1." : onesignal-cordova-plugin
50 error If you need help, you may report this error at:
50 error     <https://github.com/npm/npm/issues>
51 verbose exit [ 1, true ]
